2025-08-05 16:22:31,470 - INFO - Inizio processo
2025-08-05 16:22:31,559 - INFO - Caricati 40661 ristoranti dal file: /Users/gloria.brembilla/Documents/AIDA/Modulo1/02 - BI/etl_ristoranti_milano/scripts/etl/../../data/processed/piatti_clean.json
2025-08-05 16:22:31,639 - INFO - Totale piatti da elaborare: 40661
2025-08-05 16:22:31,739 - INFO - Elaborati 5000 piatti...
2025-08-05 16:22:31,789 - INFO - Elaborati 10000 piatti...
2025-08-05 16:22:31,839 - INFO - Elaborati 15000 piatti...
2025-08-05 16:22:31,890 - INFO - Elaborati 20000 piatti...
2025-08-05 16:22:31,941 - INFO - Elaborati 25000 piatti...
2025-08-05 16:22:31,988 - INFO - Elaborati 30000 piatti...
2025-08-05 16:22:32,041 - INFO - Elaborati 35000 piatti...
2025-08-05 16:22:32,092 - INFO - Elaborati 40000 piatti...
2025-08-05 16:22:32,443 - INFO - ✔️ Elaborazione completata. Piatti senza calorie stimate: 20880
2025-08-05 16:22:32,443 - INFO - 📁 Output salvato in: /Users/gloria.brembilla/Documents/AIDA/Modulo1/02 - BI/etl_ristoranti_milano/scripts/etl/../../data/processed/piatti_clean_calorie_allergeni.json
2025-08-05 16:25:52,876 - INFO - Inizio processo
2025-08-05 16:25:52,960 - INFO - Caricati 40661 ristoranti dal file: /Users/gloria.brembilla/Documents/AIDA/Modulo1/02 - BI/etl_ristoranti_milano/scripts/etl/../../data/processed/piatti_clean.json
2025-08-05 16:25:53,034 - INFO - Totale piatti da elaborare: 40661
2025-08-05 16:25:53,135 - INFO - Elaborati 5000 piatti...
2025-08-05 16:25:53,186 - INFO - Elaborati 10000 piatti...
2025-08-05 16:25:53,237 - INFO - Elaborati 15000 piatti...
2025-08-05 16:25:53,287 - INFO - Elaborati 20000 piatti...
2025-08-05 16:25:53,337 - INFO - Elaborati 25000 piatti...
2025-08-05 16:25:53,383 - INFO - Elaborati 30000 piatti...
2025-08-05 16:25:53,437 - INFO - Elaborati 35000 piatti...
2025-08-05 16:25:53,487 - INFO - Elaborati 40000 piatti...
2025-08-05 16:25:53,931 - INFO - ✔️ Elaborazione completata. Piatti senza calorie stimate: 20880
2025-08-05 16:25:53,931 - INFO - 📁 Output salvato in: /Users/gloria.brembilla/Documents/AIDA/Modulo1/02 - BI/etl_ristoranti_milano/scripts/etl/../../data/processed/piatti_clean_calorie_allergeni.json
