2025-08-07 15:44:28,142 - INFO - === INIZIO SCRIPT PULIZIA PIATTI ===
2025-08-07 15:44:28,235 - INFO - Caricati 33374 piatti dal file: /Users/gloria.brembilla/Documents/AIDA/Modulo1/02 - BI/etl_ristoranti_milano/scripts/etl/../../data/processed/piatti_con_stime_allergeni.json
2025-08-07 15:44:28,235 - INFO - Inizio analisi completa del dataset...
2025-08-07 15:44:28,235 - INFO - Analisi valori null...
2025-08-07 15:44:28,243 - INFO - Analisi coerenza healthy/calorie...
2025-08-07 15:44:28,246 - INFO - Analisi piatti senza allergeni...
2025-08-07 15:44:28,283 - INFO - Analisi consistenza tipo piatto...
2025-08-07 15:44:28,301 - INFO - Analisi anomalie prezzi...
2025-08-07 15:44:28,310 - INFO - Ricerca duplicati...
2025-08-07 15:44:28,328 - INFO - Analisi qualità ingredienti...
2025-08-07 15:44:28,380 - INFO - Analisi consistenza ristoranti...
2025-08-07 15:44:28,391 - INFO - Generazione report finale...
2025-08-07 15:44:28,474 - INFO - Report salvato in: /Users/gloria.brembilla/Documents/AIDA/Modulo1/02 - BI/etl_ristoranti_milano/scripts/etl/../../reports/pulizia_piatti_report.json
2025-08-07 15:44:28,474 - INFO - === SUMMARY ===
2025-08-07 15:44:28,474 - INFO - Piatti analizzati: 33374
2025-08-07 15:44:28,474 - INFO - Piatti con calorie null: 1965
2025-08-07 15:44:28,474 - INFO - Piatti senza allergeni: 6806
2025-08-07 15:44:28,474 - INFO - Inconsistenze healthy/calorie: 484
2025-08-07 15:44:28,474 - INFO - Possibili duplicati: 2785
2025-08-07 15:44:28,474 - INFO - Problemi qualità ingredienti: 881
2025-08-07 15:44:28,474 - INFO - === FINE SCRIPT PULIZIA PIATTI ===
2025-08-07 15:53:04,883 - INFO - === INIZIO SCRIPT PULIZIA PIATTI ===
2025-08-07 15:53:04,975 - INFO - Caricati 33374 piatti dal file: /Users/gloria.brembilla/Documents/AIDA/Modulo1/02 - BI/etl_ristoranti_milano/scripts/etl/../../data/processed/piatti_con_stime_allergeni.json
2025-08-07 15:53:04,975 - INFO - === ANALISI VALORI NULL ===
2025-08-07 15:53:04,977 - INFO - Piatti con calorie null: 1965
2025-08-07 15:53:04,977 - INFO - Distribuzione per tipo piatto (calorie null):
2025-08-07 15:53:04,977 - INFO -   - pizza: 744
2025-08-07 15:53:04,977 - INFO -   - sushi: 275
2025-08-07 15:53:04,977 - INFO -   - bibite: 181
2025-08-07 15:53:04,977 - INFO -   - gelato: 153
2025-08-07 15:53:04,977 - INFO -   - piadina: 151
2025-08-07 15:53:04,977 - INFO -   - kebab: 128
2025-08-07 15:53:04,977 - INFO -   - carne: 91
2025-08-07 15:53:04,977 - INFO -   - hamburger: 55
2025-08-07 15:53:04,978 - INFO -   - dolce: 52
2025-08-07 15:53:04,978 - INFO -   - pasta: 47
2025-08-07 15:53:04,978 - INFO -   - pesce: 37
2025-08-07 15:53:04,978 - INFO -   - poke: 30
2025-08-07 15:53:04,978 - INFO -   - insalata: 21
2025-08-07 15:53:04,978 - INFO - 
Esempi piatti con calorie null:
2025-08-07 15:53:04,978 - INFO -   - La Solare con Salsa al Pepe Rosa - Piadina (piadina) - La Piadineria
2025-08-07 15:53:04,978 - INFO -   - Coca-Cola Bottiglia 500 ml (kebab) - Uylas Kebab Center
2025-08-07 15:53:04,978 - INFO -   - Sprite Bottiglia 500 ml (bibite) - Uylas Kebab Center
2025-08-07 15:53:04,978 - INFO -   - Sprite Lattina 330 ml (bibite) - Uylas Kebab Center
2025-08-07 15:53:04,978 - INFO -   - Corona in bottiglia 33 cl (kebab) - Uylas Kebab Center
2025-08-07 15:53:04,980 - INFO - 
Piatti con healthy null: 1520
2025-08-07 15:53:04,980 - INFO - Distribuzione per tipo piatto (healthy null):
2025-08-07 15:53:04,980 - INFO -   - pizza: 719
2025-08-07 15:53:04,980 - INFO -   - sushi: 269
2025-08-07 15:53:04,980 - INFO -   - piadina: 123
2025-08-07 15:53:04,980 - INFO -   - bibite: 94
2025-08-07 15:53:04,981 - INFO -   - kebab: 77
2025-08-07 15:53:04,981 - INFO -   - gelato: 69
2025-08-07 15:53:04,981 - INFO -   - hamburger: 39
2025-08-07 15:53:04,981 - INFO -   - carne: 33
2025-08-07 15:53:04,981 - INFO -   - pesce: 32
2025-08-07 15:53:04,981 - INFO -   - pasta: 22
2025-08-07 15:53:04,981 - INFO -   - insalata: 18
2025-08-07 15:53:04,981 - INFO -   - poke: 17
2025-08-07 15:53:04,981 - INFO -   - dolce: 8
2025-08-07 15:53:04,981 - INFO - 
Esempi piatti con healthy null:
2025-08-07 15:53:04,981 - INFO -   - La Solare con Salsa al Pepe Rosa - Piadina (piadina) - La Piadineria
2025-08-07 15:53:04,981 - INFO -   - Moretti in bottiglia 33 cl (kebab) - Uylas Kebab Center
2025-08-07 15:53:04,981 - INFO -   - Heineken in bottiglia 33 cl (kebab) - Uylas Kebab Center
2025-08-07 15:53:04,981 - INFO -   - 4 stagioni (piadina) - Il Profumo della Pizza
2025-08-07 15:53:04,981 - INFO -   - Romana (pizza) - Il Profumo della Pizza
2025-08-07 15:53:04,981 - INFO - 
=== ANALISI PIATTI SENZA ALLERGENI ===
2025-08-07 15:53:04,984 - INFO - Piatti senza allergeni dichiarati: 6806
2025-08-07 15:53:04,985 - INFO - Distribuzione per tipo piatto (senza allergeni):
2025-08-07 15:53:04,985 - INFO -   - sushi: 2080
2025-08-07 15:53:04,985 - INFO -   - bibite: 1348
2025-08-07 15:53:04,985 - INFO -   - carne: 1263
2025-08-07 15:53:04,985 - INFO -   - gelato: 712
2025-08-07 15:53:04,985 - INFO -   - poke: 484
2025-08-07 15:53:04,985 - INFO -   - pesce: 367
2025-08-07 15:53:04,985 - INFO -   - insalata: 285
2025-08-07 15:53:04,985 - INFO -   - dolce: 267
2025-08-07 15:53:04,985 - INFO - 
=== INGREDIENTI PIÙ COMUNI (piatti senza allergeni) ===
2025-08-07 15:53:04,990 - INFO - Top 10 ingredienti più comuni:
2025-08-07 15:53:04,992 - INFO -   - 'avocado': 154 volte
2025-08-07 15:53:04,992 - INFO -   - 'insalata': 86 volte
2025-08-07 15:53:04,992 - INFO -   - '33 cl': 73 volte
2025-08-07 15:53:04,992 - INFO -   - 'carote': 71 volte
2025-08-07 15:53:04,992 - INFO -   - 'pollo': 71 volte
2025-08-07 15:53:04,992 - INFO -   - 'cipolla': 65 volte
2025-08-07 15:53:04,992 - INFO -   - '33cl': 56 volte
2025-08-07 15:53:04,992 - INFO -   - 'cetriolo': 56 volte
2025-08-07 15:53:04,992 - INFO -   - 'pomodoro': 55 volte
2025-08-07 15:53:04,992 - INFO -   - 'cetrioli': 44 volte
2025-08-07 15:53:04,992 - INFO - 
=== ESEMPI PIATTI SENZA ALLERGENI ===
2025-08-07 15:53:04,992 - INFO - - Panino kebap (carne)
2025-08-07 15:53:04,992 - INFO -   Ristorante: Turkish Kebab Pizza Grill
2025-08-07 15:53:04,992 - INFO -   Ingredienti: Carne di vitello tacchino, insalata, pomodoro, cipolle, salsa yougurt e piccante
2025-08-07 15:53:04,992 - INFO - 
2025-08-07 15:53:04,992 - INFO - - Panino cotoletta (carne)
2025-08-07 15:53:04,992 - INFO -   Ristorante: Turkish Kebab Pizza Grill
2025-08-07 15:53:04,993 - INFO -   Ingredienti: Cotoletta di impanata, insalata, pomodoro, patatine fritte, salsa yougurt e piccante
2025-08-07 15:53:04,993 - INFO - 
2025-08-07 15:53:04,993 - INFO - - Cotoletta di pollo con patate e insalata (carne)
2025-08-07 15:53:04,993 - INFO -   Ristorante: Uylas Kebab Center
2025-08-07 15:53:04,993 - INFO -   Ingredienti: Cotoletta di pollo, spezie e salse
2025-08-07 15:53:04,993 - INFO - 
2025-08-07 15:53:04,993 - INFO - - Insalata con mais (insalata)
2025-08-07 15:53:04,993 - INFO -   Ristorante: Uylas Kebab Center
2025-08-07 15:53:04,993 - INFO -   Ingredienti: Insalata verde, pomodoro, mais, peperoni, salse
2025-08-07 15:53:04,993 - INFO - 
2025-08-07 15:53:04,993 - INFO - - Coban salatasi mista (insalata)
2025-08-07 15:53:04,993 - INFO -   Ristorante: Uylas Kebab Center
2025-08-07 15:53:04,993 - INFO -   Ingredienti: Pomodoro, cetrioli, peperoncino, prezzemolo
2025-08-07 15:53:04,993 - INFO - 
2025-08-07 15:53:04,993 - INFO - 
=== REPORT RIASSUNTIVO ===
2025-08-07 15:53:05,000 - INFO - Totale piatti: 33374
2025-08-07 15:53:05,000 - INFO - Piatti con calorie null: 1965 (5.9%)
2025-08-07 15:53:05,000 - INFO - Piatti con healthy null: 1520 (4.6%)
2025-08-07 15:53:05,000 - INFO - Piatti senza allergeni: 6806 (20.4%)
2025-08-07 15:53:05,000 - INFO - === FINE SCRIPT PULIZIA PIATTI ===
2025-08-07 16:09:55,151 - INFO - === INIZIO SCRIPT PULIZIA PIATTI ===
2025-08-07 16:09:55,244 - INFO - Caricati 33374 piatti dal file: /Users/gloria.brembilla/Documents/AIDA/Modulo1/02 - BI/etl_ristoranti_milano/scripts/etl/../../data/processed/piatti_con_stime_allergeni.json
2025-08-07 16:09:55,247 - INFO - Piatti dopo filtro 'altro' e 'bibite': 31771 (rimossi 1603)
2025-08-07 16:09:55,247 - INFO - === ANALISI VALORI NULL ===
2025-08-07 16:09:55,250 - INFO - Piatti con calorie null: 1784
2025-08-07 16:09:55,251 - INFO - Distribuzione per tipo piatto (calorie null):
2025-08-07 16:09:55,251 - INFO -   - pizza: 744
2025-08-07 16:09:55,251 - INFO -   - sushi: 275
2025-08-07 16:09:55,251 - INFO -   - gelato: 153
2025-08-07 16:09:55,251 - INFO -   - piadina: 151
2025-08-07 16:09:55,251 - INFO -   - kebab: 128
2025-08-07 16:09:55,251 - INFO -   - carne: 91
2025-08-07 16:09:55,251 - INFO -   - hamburger: 55
2025-08-07 16:09:55,251 - INFO -   - dolce: 52
2025-08-07 16:09:55,251 - INFO -   - pasta: 47
2025-08-07 16:09:55,251 - INFO -   - pesce: 37
2025-08-07 16:09:55,251 - INFO -   - poke: 30
2025-08-07 16:09:55,251 - INFO -   - insalata: 21
2025-08-07 16:09:55,251 - INFO - 
Esempi piatti con calorie null:
2025-08-07 16:09:55,251 - INFO -   - La Solare con Salsa al Pepe Rosa - Piadina (piadina) - La Piadineria
2025-08-07 16:09:55,251 - INFO -   - Coca-Cola Bottiglia 500 ml (kebab) - Uylas Kebab Center
2025-08-07 16:09:55,251 - INFO -   - Corona in bottiglia 33 cl (kebab) - Uylas Kebab Center
2025-08-07 16:09:55,251 - INFO -   - Heineken in bottiglia 66 cl (kebab) - Uylas Kebab Center
2025-08-07 16:09:55,251 - INFO -   - Moretti in bottiglia 33 cl (kebab) - Uylas Kebab Center
2025-08-07 16:09:55,254 - INFO - 
Piatti con healthy null: 1426
2025-08-07 16:09:55,254 - INFO - Distribuzione per tipo piatto (healthy null):
2025-08-07 16:09:55,254 - INFO -   - pizza: 719
2025-08-07 16:09:55,254 - INFO -   - sushi: 269
2025-08-07 16:09:55,254 - INFO -   - piadina: 123
2025-08-07 16:09:55,254 - INFO -   - kebab: 77
2025-08-07 16:09:55,254 - INFO -   - gelato: 69
2025-08-07 16:09:55,254 - INFO -   - hamburger: 39
2025-08-07 16:09:55,254 - INFO -   - carne: 33
2025-08-07 16:09:55,254 - INFO -   - pesce: 32
2025-08-07 16:09:55,254 - INFO -   - pasta: 22
2025-08-07 16:09:55,254 - INFO -   - insalata: 18
2025-08-07 16:09:55,254 - INFO -   - poke: 17
2025-08-07 16:09:55,254 - INFO -   - dolce: 8
2025-08-07 16:09:55,254 - INFO - 
Esempi piatti con healthy null:
2025-08-07 16:09:55,254 - INFO -   - La Solare con Salsa al Pepe Rosa - Piadina (piadina) - La Piadineria
2025-08-07 16:09:55,254 - INFO -   - Moretti in bottiglia 33 cl (kebab) - Uylas Kebab Center
2025-08-07 16:09:55,254 - INFO -   - Heineken in bottiglia 33 cl (kebab) - Uylas Kebab Center
2025-08-07 16:09:55,254 - INFO -   - 4 stagioni (piadina) - Il Profumo della Pizza
2025-08-07 16:09:55,254 - INFO -   - Romana (pizza) - Il Profumo della Pizza
2025-08-07 16:09:55,254 - INFO - 
=== ANALISI PIATTI SENZA ALLERGENI ===
2025-08-07 16:09:55,257 - INFO - Piatti senza allergeni dichiarati: 5458
2025-08-07 16:09:55,258 - INFO - Distribuzione per tipo piatto (senza allergeni):
2025-08-07 16:09:55,258 - INFO -   - sushi: 2080
2025-08-07 16:09:55,258 - INFO -   - carne: 1263
2025-08-07 16:09:55,258 - INFO -   - gelato: 712
2025-08-07 16:09:55,258 - INFO -   - poke: 484
2025-08-07 16:09:55,258 - INFO -   - pesce: 367
2025-08-07 16:09:55,258 - INFO -   - insalata: 285
2025-08-07 16:09:55,258 - INFO -   - dolce: 267
2025-08-07 16:09:55,258 - INFO - 
=== INGREDIENTI PIÙ COMUNI (piatti senza allergeni) ===
2025-08-07 16:09:55,261 - INFO - Top 10 ingredienti più comuni:
2025-08-07 16:09:55,264 - INFO -   - 'avocado': 154 volte
2025-08-07 16:09:55,264 - INFO -   - 'insalata': 83 volte
2025-08-07 16:09:55,264 - INFO -   - 'pollo': 71 volte
2025-08-07 16:09:55,264 - INFO -   - 'carote': 69 volte
2025-08-07 16:09:55,264 - INFO -   - 'cipolla': 65 volte
2025-08-07 16:09:55,264 - INFO -   - 'cetriolo': 56 volte
2025-08-07 16:09:55,264 - INFO -   - 'pomodoro': 54 volte
2025-08-07 16:09:55,264 - INFO -   - 'cetrioli': 42 volte
2025-08-07 16:09:55,264 - INFO -   - 'philadelphia': 42 volte
2025-08-07 16:09:55,264 - INFO -   - 'anguilla': 42 volte
2025-08-07 16:09:55,264 - INFO - 
=== ESEMPI PIATTI SENZA ALLERGENI ===
2025-08-07 16:09:55,264 - INFO - - Panino kebap (carne)
2025-08-07 16:09:55,264 - INFO -   Ristorante: Turkish Kebab Pizza Grill
2025-08-07 16:09:55,264 - INFO -   Ingredienti: Carne di vitello tacchino, insalata, pomodoro, cipolle, salsa yougurt e piccante
2025-08-07 16:09:55,264 - INFO - 
2025-08-07 16:09:55,264 - INFO - - Panino cotoletta (carne)
2025-08-07 16:09:55,264 - INFO -   Ristorante: Turkish Kebab Pizza Grill
2025-08-07 16:09:55,264 - INFO -   Ingredienti: Cotoletta di impanata, insalata, pomodoro, patatine fritte, salsa yougurt e piccante
2025-08-07 16:09:55,264 - INFO - 
2025-08-07 16:09:55,264 - INFO - - Cotoletta di pollo con patate e insalata (carne)
2025-08-07 16:09:55,264 - INFO -   Ristorante: Uylas Kebab Center
2025-08-07 16:09:55,264 - INFO -   Ingredienti: Cotoletta di pollo, spezie e salse
2025-08-07 16:09:55,264 - INFO - 
2025-08-07 16:09:55,264 - INFO - - Insalata con mais (insalata)
2025-08-07 16:09:55,264 - INFO -   Ristorante: Uylas Kebab Center
2025-08-07 16:09:55,264 - INFO -   Ingredienti: Insalata verde, pomodoro, mais, peperoni, salse
2025-08-07 16:09:55,264 - INFO - 
2025-08-07 16:09:55,264 - INFO - - Coban salatasi mista (insalata)
2025-08-07 16:09:55,264 - INFO -   Ristorante: Uylas Kebab Center
2025-08-07 16:09:55,264 - INFO -   Ingredienti: Pomodoro, cetrioli, peperoncino, prezzemolo
2025-08-07 16:09:55,264 - INFO - 
2025-08-07 16:09:55,265 - INFO - 
=== REPORT RIASSUNTIVO ===
2025-08-07 16:09:55,273 - INFO - Totale piatti: 31771
2025-08-07 16:09:55,273 - INFO - Piatti con calorie null: 1784 (5.6%)
2025-08-07 16:09:55,273 - INFO - Piatti con healthy null: 1426 (4.5%)
2025-08-07 16:09:55,273 - INFO - Piatti senza allergeni: 5458 (17.2%)
2025-08-07 16:09:55,273 - INFO - === FINE SCRIPT PULIZIA PIATTI ===
2025-08-07 16:17:25,873 - INFO - === INIZIO SCRIPT PULIZIA PIATTI ===
2025-08-07 16:17:25,966 - INFO - Caricati 33374 piatti dal file: /Users/gloria.brembilla/Documents/AIDA/Modulo1/02 - BI/etl_ristoranti_milano/scripts/etl/../../data/processed/piatti_con_stime_allergeni.json
2025-08-07 16:17:25,969 - INFO - Piatti dopo filtro 'altro' e 'bibite': 31771 (rimossi 1603)
2025-08-07 16:17:25,969 - INFO - === ANALISI VALORI NULL ===
2025-08-07 16:17:25,972 - INFO - Piatti con calorie null: 1784
2025-08-07 16:17:25,972 - INFO - Distribuzione per tipo piatto (calorie null):
2025-08-07 16:17:25,973 - INFO -   - pizza: 744
2025-08-07 16:17:25,973 - INFO -   - sushi: 275
2025-08-07 16:17:25,973 - INFO -   - gelato: 153
2025-08-07 16:17:25,973 - INFO -   - piadina: 151
2025-08-07 16:17:25,973 - INFO -   - kebab: 128
2025-08-07 16:17:25,973 - INFO -   - carne: 91
2025-08-07 16:17:25,973 - INFO -   - hamburger: 55
2025-08-07 16:17:25,973 - INFO -   - dolce: 52
2025-08-07 16:17:25,973 - INFO -   - pasta: 47
2025-08-07 16:17:25,973 - INFO -   - pesce: 37
2025-08-07 16:17:25,973 - INFO -   - poke: 30
2025-08-07 16:17:25,973 - INFO -   - insalata: 21
2025-08-07 16:17:25,973 - INFO - 
Esempi piatti con calorie null:
2025-08-07 16:17:25,973 - INFO -   - La Solare con Salsa al Pepe Rosa - Piadina (piadina) - La Piadineria
2025-08-07 16:17:25,973 - INFO -   - Coca-Cola Bottiglia 500 ml (kebab) - Uylas Kebab Center
2025-08-07 16:17:25,973 - INFO -   - Corona in bottiglia 33 cl (kebab) - Uylas Kebab Center
2025-08-07 16:17:25,973 - INFO -   - Heineken in bottiglia 66 cl (kebab) - Uylas Kebab Center
2025-08-07 16:17:25,973 - INFO -   - Moretti in bottiglia 33 cl (kebab) - Uylas Kebab Center
2025-08-07 16:17:25,975 - INFO - 
Piatti con healthy null: 1426
2025-08-07 16:17:25,976 - INFO - Distribuzione per tipo piatto (healthy null):
2025-08-07 16:17:25,976 - INFO -   - pizza: 719
2025-08-07 16:17:25,976 - INFO -   - sushi: 269
2025-08-07 16:17:25,976 - INFO -   - piadina: 123
2025-08-07 16:17:25,976 - INFO -   - kebab: 77
2025-08-07 16:17:25,976 - INFO -   - gelato: 69
2025-08-07 16:17:25,976 - INFO -   - hamburger: 39
2025-08-07 16:17:25,976 - INFO -   - carne: 33
2025-08-07 16:17:25,976 - INFO -   - pesce: 32
2025-08-07 16:17:25,976 - INFO -   - pasta: 22
2025-08-07 16:17:25,976 - INFO -   - insalata: 18
2025-08-07 16:17:25,976 - INFO -   - poke: 17
2025-08-07 16:17:25,976 - INFO -   - dolce: 8
2025-08-07 16:17:25,976 - INFO - 
Esempi piatti con healthy null:
2025-08-07 16:17:25,976 - INFO -   - La Solare con Salsa al Pepe Rosa - Piadina (piadina) - La Piadineria
2025-08-07 16:17:25,976 - INFO -   - Moretti in bottiglia 33 cl (kebab) - Uylas Kebab Center
2025-08-07 16:17:25,976 - INFO -   - Heineken in bottiglia 33 cl (kebab) - Uylas Kebab Center
2025-08-07 16:17:25,976 - INFO -   - 4 stagioni (piadina) - Il Profumo della Pizza
2025-08-07 16:17:25,976 - INFO -   - Romana (pizza) - Il Profumo della Pizza
2025-08-07 16:17:25,976 - INFO - 
=== ANALISI PIATTI SENZA ALLERGENI ===
2025-08-07 16:17:25,978 - INFO - Piatti senza allergeni dichiarati: 5458
2025-08-07 16:17:25,979 - INFO - Distribuzione per tipo piatto (senza allergeni):
2025-08-07 16:17:25,980 - INFO -   - sushi: 2080
2025-08-07 16:17:25,980 - INFO -   - carne: 1263
2025-08-07 16:17:25,980 - INFO -   - gelato: 712
2025-08-07 16:17:25,980 - INFO -   - poke: 484
2025-08-07 16:17:25,980 - INFO -   - pesce: 367
2025-08-07 16:17:25,980 - INFO -   - insalata: 285
2025-08-07 16:17:25,980 - INFO -   - dolce: 267
2025-08-07 16:17:25,980 - INFO - 
=== INGREDIENTI PIÙ COMUNI (piatti senza allergeni) ===
2025-08-07 16:17:25,983 - INFO - Top 10 ingredienti più comuni:
2025-08-07 16:17:25,985 - INFO -   - 'avocado': 154 volte
2025-08-07 16:17:25,985 - INFO -   - 'insalata': 83 volte
2025-08-07 16:17:25,985 - INFO -   - 'pollo': 71 volte
2025-08-07 16:17:25,985 - INFO -   - 'carote': 69 volte
2025-08-07 16:17:25,985 - INFO -   - 'cipolla': 65 volte
2025-08-07 16:17:25,985 - INFO -   - 'cetriolo': 56 volte
2025-08-07 16:17:25,985 - INFO -   - 'pomodoro': 54 volte
2025-08-07 16:17:25,985 - INFO -   - 'cetrioli': 42 volte
2025-08-07 16:17:25,985 - INFO -   - 'philadelphia': 42 volte
2025-08-07 16:17:25,985 - INFO -   - 'anguilla': 42 volte
2025-08-07 16:17:25,985 - INFO - 
=== ESEMPI PIATTI SENZA ALLERGENI ===
2025-08-07 16:17:25,985 - INFO - - Panino kebap (carne)
2025-08-07 16:17:25,985 - INFO -   Ristorante: Turkish Kebab Pizza Grill
2025-08-07 16:17:25,985 - INFO -   Ingredienti: Carne di vitello tacchino, insalata, pomodoro, cipolle, salsa yougurt e piccante
2025-08-07 16:17:25,985 - INFO - 
2025-08-07 16:17:25,985 - INFO - - Panino cotoletta (carne)
2025-08-07 16:17:25,985 - INFO -   Ristorante: Turkish Kebab Pizza Grill
2025-08-07 16:17:25,985 - INFO -   Ingredienti: Cotoletta di impanata, insalata, pomodoro, patatine fritte, salsa yougurt e piccante
2025-08-07 16:17:25,985 - INFO - 
2025-08-07 16:17:25,985 - INFO - - Cotoletta di pollo con patate e insalata (carne)
2025-08-07 16:17:25,985 - INFO -   Ristorante: Uylas Kebab Center
2025-08-07 16:17:25,985 - INFO -   Ingredienti: Cotoletta di pollo, spezie e salse
2025-08-07 16:17:25,985 - INFO - 
2025-08-07 16:17:25,985 - INFO - - Insalata con mais (insalata)
2025-08-07 16:17:25,985 - INFO -   Ristorante: Uylas Kebab Center
2025-08-07 16:17:25,985 - INFO -   Ingredienti: Insalata verde, pomodoro, mais, peperoni, salse
2025-08-07 16:17:25,985 - INFO - 
2025-08-07 16:17:25,985 - INFO - - Coban salatasi mista (insalata)
2025-08-07 16:17:25,985 - INFO -   Ristorante: Uylas Kebab Center
2025-08-07 16:17:25,985 - INFO -   Ingredienti: Pomodoro, cetrioli, peperoncino, prezzemolo
2025-08-07 16:17:25,985 - INFO - 
2025-08-07 16:17:25,985 - INFO - 
=== REPORT RIASSUNTIVO ===
2025-08-07 16:17:25,994 - INFO - Totale piatti: 31771
2025-08-07 16:17:25,994 - INFO - Piatti con calorie null: 1784 (5.6%)
2025-08-07 16:17:25,994 - INFO - Piatti con healthy null: 1426 (4.5%)
2025-08-07 16:17:25,994 - INFO - Piatti senza allergeni: 5458 (17.2%)
2025-08-07 16:17:25,994 - INFO - === FINE SCRIPT PULIZIA PIATTI ===
2025-08-07 16:24:05,621 - INFO - === INIZIO SCRIPT PULIZIA PIATTI ===
2025-08-07 16:24:05,711 - INFO - Caricati 33374 piatti dal file: /Users/gloria.brembilla/Documents/AIDA/Modulo1/02 - BI/etl_ristoranti_milano/scripts/etl/../../data/processed/piatti_con_stime_allergeni.json
2025-08-07 16:24:05,713 - INFO - Piatti dopo filtro 'bibite': 31771 (rimossi 1603)
2025-08-07 16:24:07,245 - INFO - Piatti rimossi per ingredienti sospetti di bibite (fuzzy): 2739
2025-08-07 16:24:07,494 - INFO - Salvati 29032 piatti nel file: /Users/gloria.brembilla/Documents/AIDA/Modulo1/02 - BI/etl_ristoranti_milano/scripts/etl/../../data/processed/piatti_con_stime_allergeni_no_bibite.json
2025-08-07 16:24:07,494 - INFO - === ANALISI VALORI NULL ===
2025-08-07 16:24:07,496 - INFO - Piatti con calorie null: 1609
2025-08-07 16:24:07,497 - INFO - Distribuzione per tipo piatto (calorie null):
2025-08-07 16:24:07,497 - INFO -   - pizza: 714
2025-08-07 16:24:07,497 - INFO -   - sushi: 251
2025-08-07 16:24:07,497 - INFO -   - piadina: 142
2025-08-07 16:24:07,497 - INFO -   - gelato: 125
2025-08-07 16:24:07,497 - INFO -   - kebab: 93
2025-08-07 16:24:07,497 - INFO -   - carne: 85
2025-08-07 16:24:07,497 - INFO -   - pasta: 41
2025-08-07 16:24:07,497 - INFO -   - dolce: 39
2025-08-07 16:24:07,497 - INFO -   - hamburger: 38
2025-08-07 16:24:07,497 - INFO -   - pesce: 36
2025-08-07 16:24:07,497 - INFO -   - poke: 25
2025-08-07 16:24:07,497 - INFO -   - insalata: 20
2025-08-07 16:24:07,497 - INFO - 
Esempi piatti con calorie null:
2025-08-07 16:24:07,497 - INFO -   - La Solare con Salsa al Pepe Rosa - Piadina (piadina) - La Piadineria
2025-08-07 16:24:07,497 - INFO -   - Coca-Cola Bottiglia 500 ml (kebab) - Uylas Kebab Center
2025-08-07 16:24:07,497 - INFO -   - NAPOLI (gelato) - Pizzium
2025-08-07 16:24:07,497 - INFO -   - Tender - 10 Pezzi (piadina) - Popeyes
2025-08-07 16:24:07,497 - INFO -   - Scaloppa di pollo (carne) - Fratelli La Bufala
2025-08-07 16:24:07,499 - INFO - 
Piatti con healthy null: 1349
2025-08-07 16:24:07,499 - INFO - Distribuzione per tipo piatto (healthy null):
2025-08-07 16:24:07,499 - INFO -   - pizza: 702
2025-08-07 16:24:07,499 - INFO -   - sushi: 248
2025-08-07 16:24:07,499 - INFO -   - piadina: 123
2025-08-07 16:24:07,499 - INFO -   - kebab: 62
2025-08-07 16:24:07,499 - INFO -   - gelato: 56
2025-08-07 16:24:07,499 - INFO -   - carne: 33
2025-08-07 16:24:07,499 - INFO -   - hamburger: 32
2025-08-07 16:24:07,499 - INFO -   - pesce: 32
2025-08-07 16:24:07,499 - INFO -   - pasta: 20
2025-08-07 16:24:07,499 - INFO -   - poke: 17
2025-08-07 16:24:07,499 - INFO -   - insalata: 17
2025-08-07 16:24:07,499 - INFO -   - dolce: 7
2025-08-07 16:24:07,499 - INFO - 
Esempi piatti con healthy null:
2025-08-07 16:24:07,499 - INFO -   - La Solare con Salsa al Pepe Rosa - Piadina (piadina) - La Piadineria
2025-08-07 16:24:07,499 - INFO -   - 4 stagioni (piadina) - Il Profumo della Pizza
2025-08-07 16:24:07,499 - INFO -   - Romana (pizza) - Il Profumo della Pizza
2025-08-07 16:24:07,499 - INFO -   - Pizza wurstel (pizza) - Tourlé La Pizzeria e il Grill Baranzate
2025-08-07 16:24:07,499 - INFO -   - Pizza Margherita (pizza) - Tourlé La Pizzeria e il Grill Baranzate
2025-08-07 16:24:07,499 - INFO - 
=== ANALISI PIATTI SENZA ALLERGENI ===
2025-08-07 16:24:07,502 - INFO - Piatti senza allergeni dichiarati: 4929
2025-08-07 16:24:07,503 - INFO - Distribuzione per tipo piatto (senza allergeni):
2025-08-07 16:24:07,503 - INFO -   - sushi: 1912
2025-08-07 16:24:07,503 - INFO -   - carne: 1182
2025-08-07 16:24:07,503 - INFO -   - gelato: 612
2025-08-07 16:24:07,503 - INFO -   - poke: 384
2025-08-07 16:24:07,503 - INFO -   - pesce: 350
2025-08-07 16:24:07,503 - INFO -   - insalata: 250
2025-08-07 16:24:07,503 - INFO -   - dolce: 239
2025-08-07 16:24:07,503 - INFO - 
=== INGREDIENTI PIÙ COMUNI (piatti senza allergeni) ===
2025-08-07 16:24:07,506 - INFO - Top 10 ingredienti più comuni:
2025-08-07 16:24:07,506 - INFO -   - 'avocado': 151 volte
2025-08-07 16:24:07,506 - INFO -   - 'insalata': 80 volte
2025-08-07 16:24:07,506 - INFO -   - 'pollo': 67 volte
2025-08-07 16:24:07,506 - INFO -   - 'carote': 61 volte
2025-08-07 16:24:07,506 - INFO -   - 'cipolla': 58 volte
2025-08-07 16:24:07,506 - INFO -   - 'cetriolo': 55 volte
2025-08-07 16:24:07,506 - INFO -   - 'pomodoro': 49 volte
2025-08-07 16:24:07,506 - INFO -   - 'anguilla': 42 volte
2025-08-07 16:24:07,506 - INFO -   - 'philadelphia': 41 volte
2025-08-07 16:24:07,506 - INFO -   - 'cetrioli': 35 volte
2025-08-07 16:24:07,506 - INFO - 
=== ESEMPI PIATTI SENZA ALLERGENI ===
2025-08-07 16:24:07,506 - INFO - - Panino cotoletta (carne)
2025-08-07 16:24:07,506 - INFO -   Ristorante: Turkish Kebab Pizza Grill
2025-08-07 16:24:07,506 - INFO -   Ingredienti: Cotoletta di impanata, insalata, pomodoro, patatine fritte, salsa yougurt e piccante
2025-08-07 16:24:07,506 - INFO - 
2025-08-07 16:24:07,506 - INFO - - Cotoletta di pollo con patate e insalata (carne)
2025-08-07 16:24:07,506 - INFO -   Ristorante: Uylas Kebab Center
2025-08-07 16:24:07,506 - INFO -   Ingredienti: Cotoletta di pollo, spezie e salse
2025-08-07 16:24:07,506 - INFO - 
2025-08-07 16:24:07,506 - INFO - - Insalata con mais (insalata)
2025-08-07 16:24:07,506 - INFO -   Ristorante: Uylas Kebab Center
2025-08-07 16:24:07,506 - INFO -   Ingredienti: Insalata verde, pomodoro, mais, peperoni, salse
2025-08-07 16:24:07,506 - INFO - 
2025-08-07 16:24:07,506 - INFO - - Insalata con carciofi (insalata)
2025-08-07 16:24:07,507 - INFO -   Ristorante: Uylas Kebab Center
2025-08-07 16:24:07,507 - INFO -   Ingredienti: Insalata verde, carciofi, aceto, basilico, cipolla
2025-08-07 16:24:07,507 - INFO - 
2025-08-07 16:24:07,507 - INFO - - Panino cotoletta (carne)
2025-08-07 16:24:07,507 - INFO -   Ristorante: Uylas Kebab Center
2025-08-07 16:24:07,507 - INFO -   Ingredienti: Carne di pollo, insalata, pomodoro, cipolla e salse
2025-08-07 16:24:07,507 - INFO - 
2025-08-07 16:24:07,507 - INFO - 
=== REPORT RIASSUNTIVO ===
2025-08-07 16:24:07,513 - INFO - Totale piatti: 29032
2025-08-07 16:24:07,514 - INFO - Piatti con calorie null: 1609 (5.5%)
2025-08-07 16:24:07,514 - INFO - Piatti con healthy null: 1349 (4.6%)
2025-08-07 16:24:07,514 - INFO - Piatti senza allergeni: 4929 (17.0%)
2025-08-07 16:24:07,514 - INFO - === FINE SCRIPT PULIZIA PIATTI ===
2025-08-07 16:25:56,517 - INFO - === INIZIO SCRIPT PULIZIA PIATTI ===
2025-08-07 16:25:56,607 - INFO - Caricati 33374 piatti dal file: /Users/gloria.brembilla/Documents/AIDA/Modulo1/02 - BI/etl_ristoranti_milano/scripts/etl/../../data/processed/piatti_con_stime_allergeni.json
2025-08-07 16:25:56,610 - INFO - Piatti dopo filtro 'bibite': 31771 (rimossi 1603)
2025-08-07 16:25:58,290 - INFO - Piatti rimossi per ingredienti sospetti di bibite (fuzzy): 2794
2025-08-07 16:25:58,609 - INFO - Salvati 28977 piatti nel file: /Users/gloria.brembilla/Documents/AIDA/Modulo1/02 - BI/etl_ristoranti_milano/scripts/etl/../../data/processed/piatti_con_stime_allergeni_no_bibite.json
2025-08-07 16:25:58,610 - INFO - === ANALISI VALORI NULL ===
2025-08-07 16:25:58,612 - INFO - Piatti con calorie null: 1607
2025-08-07 16:25:58,614 - INFO - Distribuzione per tipo piatto (calorie null):
2025-08-07 16:25:58,614 - INFO -   - pizza: 712
2025-08-07 16:25:58,614 - INFO -   - sushi: 251
2025-08-07 16:25:58,614 - INFO -   - piadina: 142
2025-08-07 16:25:58,615 - INFO -   - gelato: 125
2025-08-07 16:25:58,615 - INFO -   - kebab: 93
2025-08-07 16:25:58,615 - INFO -   - carne: 85
2025-08-07 16:25:58,615 - INFO -   - pasta: 41
2025-08-07 16:25:58,615 - INFO -   - dolce: 39
2025-08-07 16:25:58,615 - INFO -   - hamburger: 38
2025-08-07 16:25:58,615 - INFO -   - pesce: 36
2025-08-07 16:25:58,615 - INFO -   - poke: 25
2025-08-07 16:25:58,615 - INFO -   - insalata: 20
2025-08-07 16:25:58,615 - INFO - 
Esempi piatti con calorie null:
2025-08-07 16:25:58,615 - INFO -   - La Solare con Salsa al Pepe Rosa - Piadina (piadina) - La Piadineria
2025-08-07 16:25:58,615 - INFO -   - Coca-Cola Bottiglia 500 ml (kebab) - Uylas Kebab Center
2025-08-07 16:25:58,615 - INFO -   - NAPOLI (gelato) - Pizzium
2025-08-07 16:25:58,615 - INFO -   - Tender - 10 Pezzi (piadina) - Popeyes
2025-08-07 16:25:58,615 - INFO -   - Scaloppa di pollo (carne) - Fratelli La Bufala
2025-08-07 16:25:58,618 - INFO - 
Piatti con healthy null: 1347
2025-08-07 16:25:58,618 - INFO - Distribuzione per tipo piatto (healthy null):
2025-08-07 16:25:58,618 - INFO -   - pizza: 700
2025-08-07 16:25:58,618 - INFO -   - sushi: 248
2025-08-07 16:25:58,619 - INFO -   - piadina: 123
2025-08-07 16:25:58,620 - INFO -   - kebab: 62
2025-08-07 16:25:58,620 - INFO -   - gelato: 56
2025-08-07 16:25:58,620 - INFO -   - carne: 33
2025-08-07 16:25:58,620 - INFO -   - hamburger: 32
2025-08-07 16:25:58,620 - INFO -   - pesce: 32
2025-08-07 16:25:58,620 - INFO -   - pasta: 20
2025-08-07 16:25:58,620 - INFO -   - poke: 17
2025-08-07 16:25:58,620 - INFO -   - insalata: 17
2025-08-07 16:25:58,620 - INFO -   - dolce: 7
2025-08-07 16:25:58,620 - INFO - 
Esempi piatti con healthy null:
2025-08-07 16:25:58,620 - INFO -   - La Solare con Salsa al Pepe Rosa - Piadina (piadina) - La Piadineria
2025-08-07 16:25:58,620 - INFO -   - 4 stagioni (piadina) - Il Profumo della Pizza
2025-08-07 16:25:58,620 - INFO -   - Romana (pizza) - Il Profumo della Pizza
2025-08-07 16:25:58,621 - INFO -   - Pizza wurstel (pizza) - Tourlé La Pizzeria e il Grill Baranzate
2025-08-07 16:25:58,621 - INFO -   - Pizza Margherita (pizza) - Tourlé La Pizzeria e il Grill Baranzate
2025-08-07 16:25:58,621 - INFO - 
=== ANALISI PIATTI SENZA ALLERGENI ===
2025-08-07 16:25:58,626 - INFO - Piatti senza allergeni dichiarati: 4923
2025-08-07 16:25:58,628 - INFO - Distribuzione per tipo piatto (senza allergeni):
2025-08-07 16:25:58,629 - INFO -   - sushi: 1908
2025-08-07 16:25:58,629 - INFO -   - carne: 1182
2025-08-07 16:25:58,629 - INFO -   - gelato: 610
2025-08-07 16:25:58,629 - INFO -   - poke: 384
2025-08-07 16:25:58,629 - INFO -   - pesce: 350
2025-08-07 16:25:58,629 - INFO -   - insalata: 250
2025-08-07 16:25:58,629 - INFO -   - dolce: 239
2025-08-07 16:25:58,629 - INFO - 
=== INGREDIENTI PIÙ COMUNI (piatti senza allergeni) ===
2025-08-07 16:25:58,633 - INFO - Top 10 ingredienti più comuni:
2025-08-07 16:25:58,634 - INFO -   - 'avocado': 151 volte
2025-08-07 16:25:58,634 - INFO -   - 'insalata': 80 volte
2025-08-07 16:25:58,634 - INFO -   - 'pollo': 67 volte
2025-08-07 16:25:58,634 - INFO -   - 'carote': 61 volte
2025-08-07 16:25:58,634 - INFO -   - 'cipolla': 58 volte
2025-08-07 16:25:58,634 - INFO -   - 'cetriolo': 55 volte
2025-08-07 16:25:58,634 - INFO -   - 'pomodoro': 49 volte
2025-08-07 16:25:58,634 - INFO -   - 'anguilla': 42 volte
2025-08-07 16:25:58,634 - INFO -   - 'philadelphia': 41 volte
2025-08-07 16:25:58,634 - INFO -   - 'cetrioli': 35 volte
2025-08-07 16:25:58,634 - INFO - 
=== ESEMPI PIATTI SENZA ALLERGENI ===
2025-08-07 16:25:58,634 - INFO - - Panino cotoletta (carne)
2025-08-07 16:25:58,634 - INFO -   Ristorante: Turkish Kebab Pizza Grill
2025-08-07 16:25:58,634 - INFO -   Ingredienti: Cotoletta di impanata, insalata, pomodoro, patatine fritte, salsa yougurt e piccante
2025-08-07 16:25:58,634 - INFO - 
2025-08-07 16:25:58,634 - INFO - - Cotoletta di pollo con patate e insalata (carne)
2025-08-07 16:25:58,634 - INFO -   Ristorante: Uylas Kebab Center
2025-08-07 16:25:58,634 - INFO -   Ingredienti: Cotoletta di pollo, spezie e salse
2025-08-07 16:25:58,634 - INFO - 
2025-08-07 16:25:58,634 - INFO - - Insalata con mais (insalata)
2025-08-07 16:25:58,634 - INFO -   Ristorante: Uylas Kebab Center
2025-08-07 16:25:58,634 - INFO -   Ingredienti: Insalata verde, pomodoro, mais, peperoni, salse
2025-08-07 16:25:58,634 - INFO - 
2025-08-07 16:25:58,634 - INFO - - Insalata con carciofi (insalata)
2025-08-07 16:25:58,634 - INFO -   Ristorante: Uylas Kebab Center
2025-08-07 16:25:58,634 - INFO -   Ingredienti: Insalata verde, carciofi, aceto, basilico, cipolla
2025-08-07 16:25:58,634 - INFO - 
2025-08-07 16:25:58,634 - INFO - - Panino cotoletta (carne)
2025-08-07 16:25:58,634 - INFO -   Ristorante: Uylas Kebab Center
2025-08-07 16:25:58,634 - INFO -   Ingredienti: Carne di pollo, insalata, pomodoro, cipolla e salse
2025-08-07 16:25:58,634 - INFO - 
2025-08-07 16:25:58,635 - INFO - 
=== REPORT RIASSUNTIVO ===
2025-08-07 16:25:58,646 - INFO - Totale piatti: 28977
2025-08-07 16:25:58,646 - INFO - Piatti con calorie null: 1607 (5.5%)
2025-08-07 16:25:58,646 - INFO - Piatti con healthy null: 1347 (4.6%)
2025-08-07 16:25:58,646 - INFO - Piatti senza allergeni: 4923 (17.0%)
2025-08-07 16:25:58,646 - INFO - === FINE SCRIPT PULIZIA PIATTI ===
2025-08-07 16:26:39,506 - INFO - === INIZIO SCRIPT PULIZIA PIATTI ===
2025-08-07 16:26:39,596 - INFO - Caricati 33374 piatti dal file: /Users/gloria.brembilla/Documents/AIDA/Modulo1/02 - BI/etl_ristoranti_milano/scripts/etl/../../data/processed/piatti_con_stime_allergeni.json
2025-08-07 16:26:39,599 - INFO - Piatti dopo filtro 'bibite': 31771 (rimossi 1603)
2025-08-07 16:26:41,312 - INFO - Piatti rimossi per ingredienti sospetti di bibite (fuzzy): 2889
2025-08-07 16:26:41,658 - INFO - Salvati 28882 piatti nel file: /Users/gloria.brembilla/Documents/AIDA/Modulo1/02 - BI/etl_ristoranti_milano/scripts/etl/../../data/processed/piatti_con_stime_allergeni_no_bibite.json
2025-08-07 16:26:41,658 - INFO - === ANALISI VALORI NULL ===
2025-08-07 16:26:41,661 - INFO - Piatti con calorie null: 1607
2025-08-07 16:26:41,661 - INFO - Distribuzione per tipo piatto (calorie null):
2025-08-07 16:26:41,661 - INFO -   - pizza: 712
2025-08-07 16:26:41,661 - INFO -   - sushi: 251
2025-08-07 16:26:41,661 - INFO -   - piadina: 142
2025-08-07 16:26:41,661 - INFO -   - gelato: 125
2025-08-07 16:26:41,661 - INFO -   - kebab: 93
2025-08-07 16:26:41,661 - INFO -   - carne: 85
2025-08-07 16:26:41,661 - INFO -   - pasta: 41
2025-08-07 16:26:41,661 - INFO -   - dolce: 39
2025-08-07 16:26:41,661 - INFO -   - hamburger: 38
2025-08-07 16:26:41,661 - INFO -   - pesce: 36
2025-08-07 16:26:41,661 - INFO -   - poke: 25
2025-08-07 16:26:41,661 - INFO -   - insalata: 20
2025-08-07 16:26:41,661 - INFO - 
Esempi piatti con calorie null:
2025-08-07 16:26:41,661 - INFO -   - La Solare con Salsa al Pepe Rosa - Piadina (piadina) - La Piadineria
2025-08-07 16:26:41,661 - INFO -   - Coca-Cola Bottiglia 500 ml (kebab) - Uylas Kebab Center
2025-08-07 16:26:41,661 - INFO -   - NAPOLI (gelato) - Pizzium
2025-08-07 16:26:41,661 - INFO -   - Tender - 10 Pezzi (piadina) - Popeyes
2025-08-07 16:26:41,661 - INFO -   - Scaloppa di pollo (carne) - Fratelli La Bufala
2025-08-07 16:26:41,664 - INFO - 
Piatti con healthy null: 1347
2025-08-07 16:26:41,664 - INFO - Distribuzione per tipo piatto (healthy null):
2025-08-07 16:26:41,664 - INFO -   - pizza: 700
2025-08-07 16:26:41,664 - INFO -   - sushi: 248
2025-08-07 16:26:41,664 - INFO -   - piadina: 123
2025-08-07 16:26:41,664 - INFO -   - kebab: 62
2025-08-07 16:26:41,664 - INFO -   - gelato: 56
2025-08-07 16:26:41,664 - INFO -   - carne: 33
2025-08-07 16:26:41,664 - INFO -   - hamburger: 32
2025-08-07 16:26:41,664 - INFO -   - pesce: 32
2025-08-07 16:26:41,664 - INFO -   - pasta: 20
2025-08-07 16:26:41,664 - INFO -   - poke: 17
2025-08-07 16:26:41,664 - INFO -   - insalata: 17
2025-08-07 16:26:41,664 - INFO -   - dolce: 7
2025-08-07 16:26:41,664 - INFO - 
Esempi piatti con healthy null:
2025-08-07 16:26:41,664 - INFO -   - La Solare con Salsa al Pepe Rosa - Piadina (piadina) - La Piadineria
2025-08-07 16:26:41,664 - INFO -   - 4 stagioni (piadina) - Il Profumo della Pizza
2025-08-07 16:26:41,664 - INFO -   - Romana (pizza) - Il Profumo della Pizza
2025-08-07 16:26:41,664 - INFO -   - Pizza wurstel (pizza) - Tourlé La Pizzeria e il Grill Baranzate
2025-08-07 16:26:41,664 - INFO -   - Pizza Margherita (pizza) - Tourlé La Pizzeria e il Grill Baranzate
2025-08-07 16:26:41,665 - INFO - 
=== ANALISI PIATTI SENZA ALLERGENI ===
2025-08-07 16:26:41,669 - INFO - Piatti senza allergeni dichiarati: 4863
2025-08-07 16:26:41,670 - INFO - Distribuzione per tipo piatto (senza allergeni):
2025-08-07 16:26:41,670 - INFO -   - sushi: 1865
2025-08-07 16:26:41,670 - INFO -   - carne: 1182
2025-08-07 16:26:41,670 - INFO -   - gelato: 608
2025-08-07 16:26:41,670 - INFO -   - poke: 374
2025-08-07 16:26:41,670 - INFO -   - pesce: 350
2025-08-07 16:26:41,670 - INFO -   - insalata: 248
2025-08-07 16:26:41,670 - INFO -   - dolce: 236
2025-08-07 16:26:41,670 - INFO - 
=== INGREDIENTI PIÙ COMUNI (piatti senza allergeni) ===
2025-08-07 16:26:41,673 - INFO - Top 10 ingredienti più comuni:
2025-08-07 16:26:41,673 - INFO -   - 'avocado': 151 volte
2025-08-07 16:26:41,673 - INFO -   - 'insalata': 80 volte
2025-08-07 16:26:41,673 - INFO -   - 'pollo': 67 volte
2025-08-07 16:26:41,673 - INFO -   - 'carote': 60 volte
2025-08-07 16:26:41,673 - INFO -   - 'cipolla': 58 volte
2025-08-07 16:26:41,673 - INFO -   - 'cetriolo': 55 volte
2025-08-07 16:26:41,673 - INFO -   - 'pomodoro': 49 volte
2025-08-07 16:26:41,673 - INFO -   - 'anguilla': 42 volte
2025-08-07 16:26:41,673 - INFO -   - 'philadelphia': 41 volte
2025-08-07 16:26:41,673 - INFO -   - 'cetrioli': 35 volte
2025-08-07 16:26:41,673 - INFO - 
=== ESEMPI PIATTI SENZA ALLERGENI ===
2025-08-07 16:26:41,673 - INFO - - Panino cotoletta (carne)
2025-08-07 16:26:41,673 - INFO -   Ristorante: Turkish Kebab Pizza Grill
2025-08-07 16:26:41,673 - INFO -   Ingredienti: Cotoletta di impanata, insalata, pomodoro, patatine fritte, salsa yougurt e piccante
2025-08-07 16:26:41,673 - INFO - 
2025-08-07 16:26:41,673 - INFO - - Cotoletta di pollo con patate e insalata (carne)
2025-08-07 16:26:41,673 - INFO -   Ristorante: Uylas Kebab Center
2025-08-07 16:26:41,673 - INFO -   Ingredienti: Cotoletta di pollo, spezie e salse
2025-08-07 16:26:41,673 - INFO - 
2025-08-07 16:26:41,673 - INFO - - Insalata con mais (insalata)
2025-08-07 16:26:41,673 - INFO -   Ristorante: Uylas Kebab Center
2025-08-07 16:26:41,673 - INFO -   Ingredienti: Insalata verde, pomodoro, mais, peperoni, salse
2025-08-07 16:26:41,673 - INFO - 
2025-08-07 16:26:41,673 - INFO - - Insalata con carciofi (insalata)
2025-08-07 16:26:41,673 - INFO -   Ristorante: Uylas Kebab Center
2025-08-07 16:26:41,673 - INFO -   Ingredienti: Insalata verde, carciofi, aceto, basilico, cipolla
2025-08-07 16:26:41,673 - INFO - 
2025-08-07 16:26:41,673 - INFO - - Panino cotoletta (carne)
2025-08-07 16:26:41,673 - INFO -   Ristorante: Uylas Kebab Center
2025-08-07 16:26:41,673 - INFO -   Ingredienti: Carne di pollo, insalata, pomodoro, cipolla e salse
2025-08-07 16:26:41,673 - INFO - 
2025-08-07 16:26:41,674 - INFO - 
=== REPORT RIASSUNTIVO ===
2025-08-07 16:26:41,681 - INFO - Totale piatti: 28882
2025-08-07 16:26:41,681 - INFO - Piatti con calorie null: 1607 (5.6%)
2025-08-07 16:26:41,681 - INFO - Piatti con healthy null: 1347 (4.7%)
2025-08-07 16:26:41,681 - INFO - Piatti senza allergeni: 4863 (16.8%)
2025-08-07 16:26:41,681 - INFO - === FINE SCRIPT PULIZIA PIATTI ===
2025-08-07 16:29:08,337 - INFO - === INIZIO SCRIPT PULIZIA PIATTI ===
2025-08-07 16:29:08,426 - INFO - Caricati 33374 piatti dal file: /Users/gloria.brembilla/Documents/AIDA/Modulo1/02 - BI/etl_ristoranti_milano/scripts/etl/../../data/processed/piatti_con_stime_allergeni.json
2025-08-07 16:29:08,429 - INFO - Piatti dopo filtro 'bibite': 31771 (rimossi 1603)
2025-08-07 16:29:10,833 - INFO - Piatti rimossi per nome o ingredienti sospetti di bibite (fuzzy): 6654
2025-08-07 16:29:11,122 - INFO - Salvati 25117 piatti nel file: /Users/gloria.brembilla/Documents/AIDA/Modulo1/02 - BI/etl_ristoranti_milano/scripts/etl/../../data/processed/piatti_con_stime_allergeni_no_bibite.json
2025-08-07 16:29:11,122 - INFO - === ANALISI VALORI NULL ===
2025-08-07 16:29:11,125 - INFO - Piatti con calorie null: 1438
2025-08-07 16:29:11,125 - INFO - Distribuzione per tipo piatto (calorie null):
2025-08-07 16:29:11,125 - INFO -   - pizza: 634
2025-08-07 16:29:11,125 - INFO -   - sushi: 248
2025-08-07 16:29:11,125 - INFO -   - piadina: 125
2025-08-07 16:29:11,125 - INFO -   - gelato: 96
2025-08-07 16:29:11,125 - INFO -   - kebab: 86
2025-08-07 16:29:11,125 - INFO -   - carne: 79
2025-08-07 16:29:11,125 - INFO -   - pasta: 38
2025-08-07 16:29:11,125 - INFO -   - pesce: 36
2025-08-07 16:29:11,125 - INFO -   - hamburger: 35
2025-08-07 16:29:11,125 - INFO -   - dolce: 28
2025-08-07 16:29:11,125 - INFO -   - poke: 21
2025-08-07 16:29:11,125 - INFO -   - insalata: 12
2025-08-07 16:29:11,125 - INFO - 
Esempi piatti con calorie null:
2025-08-07 16:29:11,125 - INFO -   - NAPOLI (gelato) - Pizzium
2025-08-07 16:29:11,125 - INFO -   - Tender - 10 Pezzi (piadina) - Popeyes
2025-08-07 16:29:11,125 - INFO -   - Scaloppa di pollo (carne) - Fratelli La Bufala
2025-08-07 16:29:11,126 - INFO -   - Pesto di Basilico "Roberto Panizza" (pasta) - Gino Sorbillo Gourmand
2025-08-07 16:29:11,126 - INFO -   - Piadatina (piadina) - Starbucks®
2025-08-07 16:29:11,128 - INFO - 
Piatti con healthy null: 1224
2025-08-07 16:29:11,128 - INFO - Distribuzione per tipo piatto (healthy null):
2025-08-07 16:29:11,128 - INFO -   - pizza: 626
2025-08-07 16:29:11,128 - INFO -   - sushi: 246
2025-08-07 16:29:11,128 - INFO -   - piadina: 111
2025-08-07 16:29:11,128 - INFO -   - kebab: 59
2025-08-07 16:29:11,128 - INFO -   - gelato: 37
2025-08-07 16:29:11,128 - INFO -   - carne: 33
2025-08-07 16:29:11,128 - INFO -   - pesce: 32
2025-08-07 16:29:11,128 - INFO -   - hamburger: 30
2025-08-07 16:29:11,128 - INFO -   - pasta: 20
2025-08-07 16:29:11,128 - INFO -   - poke: 15
2025-08-07 16:29:11,128 - INFO -   - insalata: 11
2025-08-07 16:29:11,128 - INFO -   - dolce: 4
2025-08-07 16:29:11,128 - INFO - 
Esempi piatti con healthy null:
2025-08-07 16:29:11,128 - INFO -   - 4 stagioni (piadina) - Il Profumo della Pizza
2025-08-07 16:29:11,128 - INFO -   - Romana (pizza) - Il Profumo della Pizza
2025-08-07 16:29:11,128 - INFO -   - Pizza wurstel (pizza) - Tourlé La Pizzeria e il Grill Baranzate
2025-08-07 16:29:11,128 - INFO -   - Pizza Margherita (pizza) - Tourlé La Pizzeria e il Grill Baranzate
2025-08-07 16:29:11,128 - INFO -   - Pizza Margherita baby (pizza) - Pizzeria Il Grano D'Oro
2025-08-07 16:29:11,128 - INFO - 
=== ANALISI PIATTI SENZA ALLERGENI ===
2025-08-07 16:29:11,131 - INFO - Piatti senza allergeni dichiarati: 4242
2025-08-07 16:29:11,132 - INFO - Distribuzione per tipo piatto (senza allergeni):
2025-08-07 16:29:11,132 - INFO -   - sushi: 1734
2025-08-07 16:29:11,132 - INFO -   - carne: 1141
2025-08-07 16:29:11,132 - INFO -   - gelato: 404
2025-08-07 16:29:11,132 - INFO -   - pesce: 337
2025-08-07 16:29:11,132 - INFO -   - poke: 305
2025-08-07 16:29:11,132 - INFO -   - insalata: 176
2025-08-07 16:29:11,132 - INFO -   - dolce: 145
2025-08-07 16:29:11,132 - INFO - 
=== INGREDIENTI PIÙ COMUNI (piatti senza allergeni) ===
2025-08-07 16:29:11,134 - INFO - Top 10 ingredienti più comuni:
2025-08-07 16:29:11,134 - INFO -   - 'avocado': 138 volte
2025-08-07 16:29:11,134 - INFO -   - 'insalata': 73 volte
2025-08-07 16:29:11,134 - INFO -   - 'pollo': 65 volte
2025-08-07 16:29:11,134 - INFO -   - 'cipolla': 58 volte
2025-08-07 16:29:11,134 - INFO -   - 'carote': 53 volte
2025-08-07 16:29:11,134 - INFO -   - 'cetriolo': 49 volte
2025-08-07 16:29:11,134 - INFO -   - 'pomodoro': 47 volte
2025-08-07 16:29:11,134 - INFO -   - 'anguilla': 42 volte
2025-08-07 16:29:11,134 - INFO -   - 'philadelphia': 37 volte
2025-08-07 16:29:11,134 - INFO -   - 'cetrioli': 33 volte
2025-08-07 16:29:11,134 - INFO - 
=== ESEMPI PIATTI SENZA ALLERGENI ===
2025-08-07 16:29:11,134 - INFO - - Panino cotoletta (carne)
2025-08-07 16:29:11,134 - INFO -   Ristorante: Turkish Kebab Pizza Grill
2025-08-07 16:29:11,134 - INFO -   Ingredienti: Cotoletta di impanata, insalata, pomodoro, patatine fritte, salsa yougurt e piccante
2025-08-07 16:29:11,134 - INFO - 
2025-08-07 16:29:11,134 - INFO - - Cotoletta di pollo con patate e insalata (carne)
2025-08-07 16:29:11,134 - INFO -   Ristorante: Uylas Kebab Center
2025-08-07 16:29:11,134 - INFO -   Ingredienti: Cotoletta di pollo, spezie e salse
2025-08-07 16:29:11,134 - INFO - 
2025-08-07 16:29:11,134 - INFO - - Insalata con mais (insalata)
2025-08-07 16:29:11,134 - INFO -   Ristorante: Uylas Kebab Center
2025-08-07 16:29:11,135 - INFO -   Ingredienti: Insalata verde, pomodoro, mais, peperoni, salse
2025-08-07 16:29:11,135 - INFO - 
2025-08-07 16:29:11,135 - INFO - - Insalata con carciofi (insalata)
2025-08-07 16:29:11,135 - INFO -   Ristorante: Uylas Kebab Center
2025-08-07 16:29:11,135 - INFO -   Ingredienti: Insalata verde, carciofi, aceto, basilico, cipolla
2025-08-07 16:29:11,135 - INFO - 
2025-08-07 16:29:11,135 - INFO - - Panino cotoletta (carne)
2025-08-07 16:29:11,135 - INFO -   Ristorante: Uylas Kebab Center
2025-08-07 16:29:11,135 - INFO -   Ingredienti: Carne di pollo, insalata, pomodoro, cipolla e salse
2025-08-07 16:29:11,135 - INFO - 
2025-08-07 16:29:11,135 - INFO - 
=== REPORT RIASSUNTIVO ===
2025-08-07 16:29:11,142 - INFO - Totale piatti: 25117
2025-08-07 16:29:11,142 - INFO - Piatti con calorie null: 1438 (5.7%)
2025-08-07 16:29:11,142 - INFO - Piatti con healthy null: 1224 (4.9%)
2025-08-07 16:29:11,142 - INFO - Piatti senza allergeni: 4242 (16.9%)
2025-08-07 16:29:11,142 - INFO - === FINE SCRIPT PULIZIA PIATTI ===
